<?xml version="1.0" encoding="UTF-8"?>
<!-- Generated by org.testng.reporters.JUnitXMLReporter -->
<testsuite hostname="DESKTOP-T00S384" ignored="0" name="Default test(failed)" tests="2" failures="1" timestamp="17 Sep 2021 01:57:34 GMT" time="6.861" errors="0">
  <testcase name="getSignPage" time="1.097" classname="com.TestWeb.TestNGExecution"/>
  <testcase name="getLogin" time="1.634" classname="com.TestWeb.TestNGExecution">
    <failure type="java.lang.AssertionError" message="expected [Sample] but found [Smart Tech]">
      <![CDATA[java.lang.AssertionError: expected [Sample] but found [Smart Tech]
at com.genericLibrary.BaseLogin.login(BaseLogin.java:62)
at com.TestWeb.TestNGExecution.getLogin(TestNGExecution.java:25)
... Removed 31 stack frames]]>
    </failure>
  </testcase> <!-- getLogin -->
</testsuite> <!-- Default test(failed) -->
