<?xml version="1.0" encoding="UTF-8"?>
<!-- Generated by org.testng.reporters.JUnitXMLReporter -->
<testsuite hostname="DESKTOP-T00S384" ignored="0" name="Default test" tests="1" failures="1" timestamp="24 Sep 2021 00:05:29 GMT" time="5.413" errors="0">
  <testcase name="runScenario" time="5.204" classname="cucumber.api.testng.AbstractTestNGCucumberTests">
    <failure type="java.lang.NullPointerException">
      <![CDATA[java.lang.NullPointerException
at com.Cucumber.StepDef.click_on_sign_in_button_and_land_in_signin_page(StepDef.java:31)
at ✽.click on sign in button and land in signin page(classpath:com/Cucumber/login.feature:25)
]]>
    </failure>
  </testcase> <!-- runScenario -->
</testsuite> <!-- Default test -->
