<?xml version="1.0" encoding="UTF-8"?>
<!-- Generated by org.testng.reporters.JUnitXMLReporter -->
<testsuite hostname="DESKTOP-T00S384" ignored="0" name="Test" tests="5" failures="0" timestamp="15 Sep 2021 02:02:53 GMT" time="0.062" errors="0">
  <testcase name="getSalary" time="0.005" classname="com.testNGbasics.TestNGAnnotations"/>
  <testcase name="getC" time="0.002" classname="com.testNGbasics.TestNGAnnotations"/>
  <testcase name="getA" time="0.002" classname="com.testNGbasics.TestNGAnnotations"/>
  <testcase name="getB" time="0.001" classname="com.testNGbasics.TestNGAnnotations"/>
  <testcase name="getAdd" time="0.001" classname="com.testNGbasics.TestNGAnnotations"/>
</testsuite> <!-- Test -->
